SF:lib\core\error\failures.dart
DA:4,6
DA:5,6
LF:2
LH:2
end_of_record
SF:lib\core\network\network_status.dart
DA:9,1
DA:11,1
DA:12,2
LF:3
LH:3
end_of_record
SF:lib\core\usecase\usecase.dart
DA:11,1
DA:12,1
LF:2
LH:2
end_of_record
SF:lib\features\nurban_honey\data\datasources\article_remote_data_source.dart
DA:51,1
DA:55,1
DA:57,1
DA:58,1
DA:59,1
DA:61,1
DA:63,3
DA:64,3
DA:66,1
DA:69,2
DA:70,4
DA:74,0
DA:75,0
DA:76,0
DA:80,0
DA:83,0
DA:87,0
DA:90,0
DA:94,0
DA:97,0
DA:101,0
DA:104,0
DA:108,0
DA:111,0
DA:115,0
DA:117,0
DA:121,0
DA:124,0
DA:128,0
DA:131,0
DA:135,0
DA:138,0
DA:142,0
DA:145,0
LF:34
LH:11
end_of_record
SF:lib\features\nurban_honey\data\models\article_item_model\article_item_model.dart
DA:14,2
DA:15,2
DA:17,1
DA:18,1
DA:19,1
DA:20,1
DA:21,1
DA:22,2
DA:23,5
DA:27,4
DA:28,2
DA:29,2
DA:30,2
DA:31,4
DA:32,4
DA:33,4
DA:34,4
DA:35,5
DA:39,5
LF:19
LH:19
end_of_record
SF:lib\features\nurban_honey\data\models\article_item_model\article_item_model.g.dart
DA:9,2
DA:10,2
DA:11,2
DA:12,2
DA:13,2
DA:14,2
DA:15,4
DA:18,1
DA:19,1
DA:20,1
DA:21,1
DA:22,1
DA:23,1
DA:24,2
LF:14
LH:14
end_of_record
SF:lib\features\nurban_honey\data\models\article_ratings_model\article_ratings_model.dart
DA:14,1
DA:15,1
DA:19,4
DA:20,12
LF:4
LH:4
end_of_record
SF:lib\features\nurban_honey\data\models\article_ratings_model\article_ratings_model.g.dart
DA:9,1
DA:11,1
DA:12,1
DA:13,1
DA:14,1
DA:15,1
DA:18,1
DA:20,1
DA:21,1
DA:22,1
DA:23,1
DA:24,1
LF:12
LH:12
end_of_record
SF:lib\features\nurban_honey\data\models\user_info.g.dart
DA:9,6
DA:10,3
DA:11,3
DA:12,3
DA:13,12
DA:16,2
DA:17,2
DA:18,2
DA:19,2
DA:20,2
DA:21,2
LF:11
LH:11
end_of_record
SF:lib\features\nurban_honey\data\models\user_info.dart
DA:11,3
DA:12,3
LF:2
LH:2
end_of_record
SF:lib\features\nurban_honey\data\models\article_detail_model\article_detail_model.dart
DA:28,1
DA:29,1
DA:33,4
DA:34,2
DA:35,2
DA:36,2
DA:37,2
DA:38,4
DA:39,2
DA:40,4
DA:41,4
DA:42,4
DA:43,4
DA:44,2
DA:45,2
DA:46,2
DA:47,2
DA:48,3
DA:49,2
LF:19
LH:19
end_of_record
SF:lib\features\nurban_honey\data\models\article_detail_model\article_detail_model.g.dart
DA:9,1
DA:11,1
DA:12,1
DA:13,1
DA:14,1
DA:15,1
DA:16,1
DA:17,1
DA:18,1
DA:19,1
DA:20,1
DA:21,1
DA:22,1
DA:23,1
DA:24,1
DA:25,1
DA:26,4
DA:27,1
DA:30,1
DA:32,1
DA:33,1
DA:34,1
DA:35,1
DA:36,1
DA:37,1
DA:38,1
DA:39,1
DA:40,1
DA:41,1
DA:42,1
DA:43,1
DA:44,1
DA:45,1
DA:46,1
DA:47,1
DA:48,1
LF:36
LH:36
end_of_record
SF:lib\features\nurban_honey\data\models\article_comment_model\article_comment_model.dart
DA:15,1
DA:16,1
DA:18,1
DA:19,1
DA:20,1
DA:21,1
DA:22,1
DA:23,1
DA:24,4
DA:28,10
DA:29,17
DA:33,1
DA:34,4
LF:13
LH:13
end_of_record
SF:lib\features\nurban_honey\data\models\article_comment_model\article_comment_model.g.dart
DA:9,1
DA:11,1
DA:12,1
DA:13,1
DA:14,1
DA:15,2
DA:18,1
DA:20,1
DA:21,1
DA:22,1
DA:23,1
DA:24,2
LF:12
LH:12
end_of_record
SF:lib\features\nurban_honey\data\models\empty_response_model\empty_response_model.dart
DA:11,1
DA:12,1
DA:16,12
LF:3
LH:3
end_of_record
SF:lib\features\nurban_honey\data\models\empty_response_model\empty_response_model.g.dart
DA:9,1
DA:11,1
DA:12,1
DA:15,1
DA:17,1
DA:18,1
LF:6
LH:6
end_of_record
SF:lib\features\nurban_honey\data\models\app_version_model\app_version_model.dart
DA:12,1
DA:13,1
DA:15,1
DA:16,3
DA:20,8
LF:5
LH:5
end_of_record
SF:lib\features\nurban_honey\data\models\app_version_model\app_version_model.g.dart
DA:9,1
DA:10,1
DA:11,1
DA:12,1
DA:15,1
DA:16,1
DA:17,1
DA:18,1
LF:8
LH:8
end_of_record
SF:lib\features\nurban_honey\data\models\image_post_response_model\image_post_response_model.g.dart
DA:9,1
DA:11,1
DA:12,1
DA:15,1
DA:17,1
DA:18,1
LF:6
LH:6
end_of_record
SF:lib\features\nurban_honey\data\models\image_post_response_model\image_post_response_model.dart
DA:11,1
DA:12,1
DA:16,2
DA:17,6
LF:4
LH:4
end_of_record
SF:lib\features\nurban_honey\data\models\board_info_model\board_info_model.dart
DA:11,3
DA:12,3
DA:16,10
DA:20,5
LF:4
LH:4
end_of_record
SF:lib\features\nurban_honey\data\models\board_info_model\board_info_model.g.dart
DA:9,3
DA:10,3
DA:11,3
DA:12,3
DA:13,3
DA:16,3
DA:17,3
DA:18,3
DA:19,3
DA:20,3
LF:10
LH:10
end_of_record
SF:lib\features\nurban_honey\data\repositories\article_repository_impl.dart
DA:22,1
DA:26,1
DA:28,3
DA:30,3
DA:32,1
DA:33,1
DA:34,1
DA:35,2
DA:38,2
DA:43,1
DA:45,3
DA:48,3
DA:49,1
DA:50,1
DA:51,1
DA:52,2
DA:55,2
DA:60,1
DA:62,3
DA:65,3
DA:66,1
DA:67,1
DA:68,1
DA:69,2
DA:70,1
DA:71,2
DA:74,2
DA:79,1
DA:81,3
DA:83,3
DA:85,1
DA:87,1
DA:88,1
DA:89,2
DA:90,1
DA:91,2
DA:94,2
DA:99,1
DA:101,3
DA:103,3
DA:105,1
DA:106,1
DA:107,1
DA:108,2
DA:109,1
DA:110,2
DA:113,2
DA:118,1
DA:120,3
DA:122,3
DA:124,1
DA:125,1
DA:126,1
DA:127,2
DA:128,1
DA:129,2
DA:132,2
DA:137,1
DA:139,3
DA:141,3
DA:143,1
DA:144,1
DA:145,1
DA:146,2
DA:147,1
DA:148,2
DA:151,2
DA:156,1
DA:158,3
DA:161,3
DA:162,2
DA:163,1
DA:164,2
DA:167,2
DA:172,1
DA:174,3
DA:176,3
DA:178,1
DA:179,1
DA:180,1
DA:181,2
DA:184,2
DA:189,1
DA:191,3
DA:193,3
DA:195,1
DA:196,1
DA:197,1
DA:198,2
DA:199,1
DA:200,2
DA:203,2
DA:208,1
DA:210,3
DA:212,3
DA:214,1
DA:215,1
DA:216,1
DA:217,2
DA:218,1
DA:219,2
DA:222,2
DA:227,1
DA:229,3
DA:231,3
DA:233,1
DA:235,1
DA:236,1
DA:237,2
DA:238,1
DA:239,2
DA:242,2
LF:112
LH:112
end_of_record
SF:lib\features\nurban_honey\data\models\profile_article_model\profile_article_model.dart
DA:19,1
DA:20,1
DA:24,4
DA:25,2
DA:26,4
DA:27,4
DA:28,4
DA:29,2
DA:30,2
DA:31,4
DA:32,2
DA:36,1
DA:37,4
LF:13
LH:13
end_of_record
SF:lib\features\nurban_honey\data\models\profile_article_model\profile_article_model.g.dart
DA:9,1
DA:11,1
DA:12,1
DA:13,1
DA:14,1
DA:15,1
DA:16,1
DA:17,2
DA:20,1
DA:22,1
DA:23,1
DA:24,1
DA:25,1
DA:26,1
DA:27,1
DA:28,2
LF:16
LH:16
end_of_record
SF:lib\features\nurban_honey\data\models\profile_comment_model\profile_comment_model.dart
DA:15,1
DA:16,1
DA:20,4
DA:21,2
DA:22,2
DA:23,4
DA:24,2
DA:25,4
DA:26,4
DA:27,4
DA:28,4
DA:32,2
DA:33,8
LF:13
LH:13
end_of_record
SF:lib\features\nurban_honey\data\models\profile_comment_model\profile_comment_model.g.dart
DA:9,1
DA:11,1
DA:12,1
DA:13,1
DA:14,1
DA:15,2
DA:16,2
DA:19,1
DA:21,1
DA:22,1
DA:23,1
DA:24,1
DA:25,2
DA:26,2
LF:14
LH:14
end_of_record
SF:lib\features\nurban_honey\data\models\profile_model\profile_model.dart
DA:21,1
DA:22,1
DA:26,4
DA:27,2
DA:28,2
DA:29,2
DA:30,2
DA:31,2
DA:32,4
DA:33,3
DA:34,3
DA:35,4
DA:36,4
LF:13
LH:13
end_of_record
SF:lib\features\nurban_honey\data\models\profile_model\profile_model.g.dart
DA:9,1
DA:10,1
DA:11,1
DA:12,1
DA:13,1
DA:14,1
DA:15,1
DA:16,1
DA:17,1
DA:18,2
DA:19,1
DA:20,4
DA:21,1
DA:22,1
DA:25,1
DA:26,1
DA:27,1
DA:28,1
DA:29,1
DA:30,1
DA:31,1
DA:32,1
DA:33,1
DA:34,1
DA:35,1
DA:36,1
LF:26
LH:26
end_of_record
SF:lib\features\nurban_honey\data\models\location_model\location_model.dart
DA:12,2
DA:13,2
DA:17,4
LF:3
LH:3
end_of_record
SF:lib\features\nurban_honey\data\models\location_model\location_model.g.dart
DA:9,2
DA:10,2
DA:11,2
DA:12,2
DA:15,2
DA:16,2
DA:17,2
DA:18,2
LF:8
LH:8
end_of_record
SF:lib\features\nurban_honey\data\repositories\profile_repository_impl.dart
DA:19,1
DA:22,1
DA:23,3
DA:25,4
DA:26,1
DA:27,1
DA:28,2
DA:29,1
DA:30,2
DA:33,2
DA:38,1
DA:40,3
DA:43,3
DA:44,1
DA:45,1
DA:46,1
DA:47,2
DA:48,1
DA:49,2
DA:52,2
DA:57,1
DA:59,3
DA:62,3
DA:63,1
DA:64,1
DA:65,1
DA:66,2
DA:67,1
DA:68,2
DA:71,2
DA:76,1
DA:78,3
DA:80,3
DA:81,1
DA:82,1
DA:83,1
DA:84,2
DA:85,1
DA:86,2
DA:89,2
DA:94,1
DA:96,3
DA:98,3
DA:100,1
DA:101,1
DA:102,1
DA:103,2
DA:104,1
DA:105,2
DA:108,2
LF:50
LH:50
end_of_record
SF:lib\features\nurban_honey\data\models\nurban_token_model\nurban_token_model.dart
DA:11,1
DA:12,1
DA:16,8
LF:3
LH:3
end_of_record
SF:lib\features\nurban_honey\data\models\nurban_token_model\nurban_token_model.g.dart
DA:9,1
DA:10,1
DA:11,1
DA:12,1
DA:15,1
DA:16,1
DA:17,1
DA:18,1
LF:8
LH:8
end_of_record
SF:lib\features\nurban_honey\data\models\token_status\token_status_model.dart
DA:11,1
DA:12,1
DA:16,6
LF:3
LH:3
end_of_record
SF:lib\features\nurban_honey\data\models\token_status\token_status_model.g.dart
DA:9,1
DA:10,1
DA:11,1
DA:14,1
DA:15,1
DA:16,1
LF:6
LH:6
end_of_record
SF:lib\features\nurban_honey\data\repositories\board_repository_impl.dart
DA:14,1
DA:18,1
DA:19,3
DA:21,4
DA:22,1
DA:23,1
DA:24,2
DA:27,2
LF:8
LH:8
end_of_record
SF:lib\features\nurban_honey\data\repositories\editor_repository_impl.dart
DA:16,1
DA:19,1
DA:27,3
DA:29,3
DA:31,1
DA:32,1
DA:33,1
DA:34,2
DA:35,1
DA:36,2
DA:39,2
DA:44,1
DA:51,3
DA:53,3
DA:55,1
DA:56,1
DA:57,1
DA:58,2
DA:59,1
DA:60,2
DA:63,2
DA:68,1
DA:76,3
DA:78,3
DA:80,1
DA:81,1
DA:82,1
DA:83,2
DA:84,1
DA:85,2
DA:88,2
DA:93,1
DA:100,3
DA:102,3
DA:104,1
DA:105,1
DA:106,1
DA:107,2
DA:108,1
DA:109,2
DA:112,2
DA:117,1
DA:119,3
DA:121,3
DA:123,1
DA:124,1
DA:125,1
DA:126,2
DA:127,1
DA:128,2
DA:131,2
DA:136,1
DA:138,3
DA:141,3
DA:142,1
DA:143,1
DA:144,1
DA:145,2
DA:146,1
DA:147,2
DA:150,2
LF:61
LH:61
end_of_record
SF:lib\features\nurban_honey\data\repositories\login_repository_impl.dart
DA:17,1
DA:20,1
DA:21,3
DA:24,4
DA:25,1
DA:26,1
DA:27,2
DA:30,2
DA:35,1
DA:37,3
DA:39,3
DA:41,1
DA:42,1
DA:43,1
DA:44,2
DA:45,1
DA:46,2
DA:49,2
DA:54,1
DA:55,3
DA:58,4
DA:59,1
DA:60,1
DA:61,2
DA:64,2
LF:25
LH:25
end_of_record
SF:lib\features\nurban_honey\domain\usecases\article_repository\delete_article_comment.dart
DA:11,1
DA:13,1
DA:14,3
DA:15,4
DA:24,2
DA:29,1
DA:30,5
LF:7
LH:7
end_of_record
SF:lib\features\nurban_honey\domain\usecases\article_repository\delete_dislike.dart
DA:10,1
DA:12,1
DA:13,3
DA:14,3
DA:22,2
DA:25,1
DA:26,4
LF:7
LH:7
end_of_record
SF:lib\features\nurban_honey\domain\usecases\article_repository\delete_like.dart
DA:10,1
DA:12,1
DA:13,3
DA:14,3
DA:22,2
DA:25,1
DA:26,4
LF:7
LH:7
end_of_record
SF:lib\features\nurban_honey\domain\usecases\article_repository\get_articles.dart
DA:12,1
DA:15,1
DA:16,3
DA:17,4
DA:26,2
DA:32,1
DA:33,5
LF:7
LH:7
end_of_record
SF:lib\features\nurban_honey\domain\usecases\article_repository\get_article_comments.dart
DA:10,1
DA:13,1
DA:14,3
DA:15,4
DA:24,2
DA:30,1
DA:31,5
LF:7
LH:7
end_of_record
SF:lib\features\nurban_honey\domain\usecases\article_repository\get_article_ratings.dart
DA:11,1
DA:14,1
DA:15,3
DA:16,3
DA:25,2
DA:28,1
DA:29,4
LF:7
LH:7
end_of_record
SF:lib\features\nurban_honey\domain\usecases\article_repository\get_article.dart
DA:10,1
DA:12,1
DA:13,5
DA:21,2
DA:23,1
DA:24,3
LF:6
LH:6
end_of_record
SF:lib\features\nurban_honey\domain\usecases\article_repository\get_comment.dart
DA:10,1
DA:13,1
DA:14,5
DA:21,2
DA:23,1
DA:24,3
LF:6
LH:6
end_of_record
SF:lib\features\nurban_honey\domain\usecases\article_repository\post_article_comment.dart
DA:11,1
DA:13,1
DA:14,3
DA:15,4
DA:24,2
DA:30,1
DA:31,5
LF:7
LH:7
end_of_record
SF:lib\features\nurban_honey\domain\usecases\article_repository\post_dislike.dart
DA:10,1
DA:12,1
DA:13,3
DA:14,3
DA:22,2
DA:25,1
DA:26,4
LF:7
LH:7
end_of_record
SF:lib\features\nurban_honey\domain\usecases\article_repository\post_like.dart
DA:10,1
DA:13,1
DA:14,3
DA:15,3
DA:23,2
DA:25,1
DA:26,4
LF:7
LH:7
end_of_record
SF:lib\features\nurban_honey\domain\usecases\article_repository\put_article_comment.dart
DA:11,1
DA:13,1
DA:14,3
DA:15,4
DA:25,2
DA:31,1
DA:32,5
LF:7
LH:7
end_of_record
SF:lib\features\nurban_honey\domain\usecases\board_repository\get_boards.dart
DA:11,1
DA:14,1
DA:15,3
LF:3
LH:3
end_of_record
SF:lib\features\nurban_honey\domain\usecases\editor_repository\delete_article.dart
DA:13,1
DA:16,1
DA:17,3
DA:18,4
DA:27,2
DA:32,1
DA:33,5
LF:7
LH:7
end_of_record
SF:lib\features\nurban_honey\domain\usecases\editor_repository\post_article.dart
DA:12,1
DA:15,1
DA:16,5
DA:17,4
DA:28,2
DA:35,1
DA:36,7
LF:7
LH:7
end_of_record
SF:lib\features\nurban_honey\domain\usecases\editor_repository\post_image.dart
DA:13,1
DA:16,1
DA:17,3
DA:18,4
DA:27,2
DA:32,1
DA:33,5
LF:7
LH:7
end_of_record
SF:lib\features\nurban_honey\domain\usecases\editor_repository\post_nurban_article.dart
DA:12,1
DA:15,1
DA:16,3
DA:17,1
DA:18,1
DA:19,1
DA:20,1
DA:21,1
DA:22,1
DA:23,1
DA:35,2
DA:43,1
DA:45,8
LF:13
LH:13
end_of_record
SF:lib\features\nurban_honey\domain\usecases\editor_repository\put_article.dart
DA:12,1
DA:15,1
DA:16,5
DA:17,4
DA:28,2
DA:35,1
DA:37,7
LF:7
LH:7
end_of_record
SF:lib\features\nurban_honey\domain\usecases\editor_repository\put_nurban_article.dart
DA:12,1
DA:15,1
DA:16,3
DA:17,1
DA:18,1
DA:19,1
DA:20,1
DA:21,1
DA:22,1
DA:23,1
DA:35,2
DA:43,1
DA:45,8
LF:13
LH:13
end_of_record
SF:lib\features\nurban_honey\domain\usecases\login_repository\get_nurban_token.dart
DA:10,1
DA:12,1
DA:13,3
DA:14,2
DA:21,2
DA:23,1
DA:24,3
LF:7
LH:7
end_of_record
SF:lib\features\nurban_honey\domain\usecases\login_repository\is_app_updatable.dart
DA:10,1
DA:12,1
DA:13,4
DA:19,2
DA:20,1
DA:21,2
LF:6
LH:6
end_of_record
SF:lib\features\nurban_honey\domain\usecases\login_repository\is_token_valid.dart
DA:10,1
DA:12,1
DA:13,4
DA:19,2
DA:21,1
DA:22,2
LF:6
LH:6
end_of_record
SF:lib\features\nurban_honey\domain\usecases\profile_repository\edit_profile.dart
DA:12,1
DA:15,1
DA:16,3
DA:17,4
DA:27,2
DA:32,1
DA:33,5
LF:7
LH:7
end_of_record
SF:lib\features\nurban_honey\domain\usecases\profile_repository\get_profile_articles.dart
DA:13,1
DA:16,1
DA:17,3
DA:18,3
DA:27,2
DA:29,1
DA:30,4
LF:7
LH:7
end_of_record
SF:lib\features\nurban_honey\domain\usecases\profile_repository\get_profile_comments.dart
DA:13,1
DA:16,1
DA:17,3
DA:18,3
DA:26,2
DA:28,1
DA:29,4
LF:7
LH:7
end_of_record
SF:lib\features\nurban_honey\domain\usecases\profile_repository\get_profile.dart
DA:12,1
DA:15,1
DA:16,4
DA:22,2
DA:23,1
DA:24,2
LF:6
LH:6
end_of_record
SF:lib\features\nurban_honey\domain\usecases\rank_repository\get_ranks.dart
DA:11,1
DA:14,1
DA:15,3
LF:3
LH:3
end_of_record
SF:lib\features\nurban_honey\domain\usecases\profile_repository\request_sign_out.dart
DA:12,1
DA:15,1
DA:16,5
DA:23,2
DA:24,1
DA:25,3
LF:6
LH:6
end_of_record
SF:lib\features\nurban_honey\domain\usecases\rank_repository\get_simple_ranks.dart
DA:13,1
DA:16,1
DA:17,3
DA:18,2
DA:25,2
DA:26,1
DA:27,3
LF:7
LH:7
end_of_record
