SF:lib\core\error\failures.dart
DA:4,1
DA:5,1
LF:2
LH:2
end_of_record
SF:lib\core\usecase\usecase.dart
DA:11,1
DA:12,1
LF:2
LH:2
end_of_record
SF:lib\core\network\network_status.dart
DA:9,1
DA:11,1
DA:12,2
LF:3
LH:3
end_of_record
SF:lib\features\nurban_honey\data\models\article_item_model\article_item_model.dart
DA:12,1
DA:13,1
DA:15,1
DA:16,1
DA:17,1
DA:18,1
DA:19,1
DA:20,2
DA:21,5
DA:25,2
DA:26,1
DA:27,1
DA:28,1
DA:29,2
DA:30,2
DA:31,2
DA:32,2
DA:33,2
DA:41,1
DA:42,1
LF:20
LH:20
end_of_record
SF:lib\features\nurban_honey\data\models\article_item_model\article_item_model.g.dart
DA:9,1
DA:10,1
DA:11,1
DA:12,1
DA:13,1
DA:14,1
DA:15,2
DA:18,1
DA:19,1
DA:20,1
DA:21,1
DA:22,1
DA:23,1
DA:24,2
DA:27,2
DA:28,1
DA:29,1
DA:30,1
DA:31,4
DA:34,1
DA:35,1
DA:36,1
DA:37,1
DA:38,1
DA:39,1
LF:25
LH:25
end_of_record
SF:lib\features\nurban_honey\domain\usecases\article_repository\delete_article_comment.dart
DA:11,1
DA:13,1
DA:14,3
DA:15,1
DA:16,1
DA:17,1
DA:18,1
DA:27,1
DA:32,1
DA:33,5
LF:10
LH:10
end_of_record
SF:lib\features\nurban_honey\domain\usecases\article_repository\delete_dislike.dart
DA:10,1
DA:12,1
DA:13,3
DA:14,1
DA:15,1
DA:16,1
DA:24,2
DA:27,1
DA:28,4
LF:9
LH:9
end_of_record
SF:lib\features\nurban_honey\domain\usecases\article_repository\delete_like.dart
DA:10,1
DA:12,1
DA:13,3
DA:14,1
DA:15,1
DA:16,1
DA:24,2
DA:27,1
DA:28,4
LF:9
LH:9
end_of_record
SF:lib\features\nurban_honey\domain\usecases\article_repository\get_articles.dart
DA:12,1
DA:15,1
DA:16,3
DA:17,1
DA:18,1
DA:19,1
DA:20,1
DA:29,2
DA:35,1
DA:36,5
LF:10
LH:10
end_of_record
SF:lib\features\nurban_honey\domain\usecases\article_repository\get_article_comments.dart
DA:10,1
DA:13,1
DA:14,3
DA:15,1
DA:16,1
DA:17,1
DA:18,1
DA:27,2
DA:33,1
DA:34,5
LF:10
LH:10
end_of_record
SF:lib\features\nurban_honey\domain\usecases\article_repository\get_article_ratings.dart
DA:11,1
DA:14,1
DA:15,3
DA:16,1
DA:17,1
DA:18,1
DA:27,2
DA:30,1
DA:31,4
LF:9
LH:9
end_of_record
SF:lib\features\nurban_honey\domain\usecases\article_repository\get_article.dart
DA:10,1
DA:12,1
DA:13,3
DA:14,1
DA:15,1
DA:16,1
DA:25,2
DA:28,1
DA:29,4
LF:9
LH:9
end_of_record
SF:lib\features\nurban_honey\domain\usecases\article_repository\get_comment.dart
DA:10,1
DA:13,1
DA:14,3
DA:15,2
DA:22,2
DA:24,1
DA:25,3
LF:7
LH:7
end_of_record
SF:lib\features\nurban_honey\domain\usecases\article_repository\post_article_comment.dart
DA:11,1
DA:13,1
DA:14,3
DA:15,1
DA:16,1
DA:17,1
DA:18,1
DA:27,2
DA:33,1
DA:34,5
LF:10
LH:10
end_of_record
SF:lib\features\nurban_honey\domain\usecases\article_repository\post_dislike.dart
DA:10,1
DA:12,1
DA:13,3
DA:14,1
DA:15,1
DA:16,1
DA:24,2
DA:27,1
DA:28,4
LF:9
LH:9
end_of_record
SF:lib\features\nurban_honey\domain\usecases\article_repository\post_like.dart
DA:10,1
DA:13,1
DA:14,3
DA:15,1
DA:16,1
DA:17,1
DA:25,2
DA:27,1
DA:28,4
LF:9
LH:9
end_of_record
SF:lib\features\nurban_honey\domain\usecases\article_repository\put_article_comment.dart
DA:11,1
DA:13,1
DA:14,3
DA:15,1
DA:16,1
DA:17,1
DA:18,1
DA:28,2
DA:34,1
DA:35,5
LF:10
LH:10
end_of_record
SF:lib\features\nurban_honey\domain\usecases\board_repository\get_boards.dart
DA:11,1
DA:14,1
DA:15,3
LF:3
LH:3
end_of_record
SF:lib\features\nurban_honey\domain\usecases\editor_repository\delete_article.dart
DA:13,1
DA:16,1
DA:17,3
DA:18,1
DA:19,1
DA:20,1
DA:21,1
DA:30,2
DA:35,1
DA:36,5
LF:10
LH:10
end_of_record
SF:lib\features\nurban_honey\domain\usecases\editor_repository\post_article.dart
DA:12,1
DA:15,1
DA:16,3
DA:17,1
DA:18,1
DA:19,1
DA:20,1
DA:21,1
DA:22,1
DA:33,2
DA:40,1
DA:41,7
LF:12
LH:12
end_of_record
SF:lib\features\nurban_honey\domain\usecases\editor_repository\post_image.dart
DA:13,1
DA:16,1
DA:17,3
DA:18,1
DA:19,1
DA:20,1
DA:21,1
DA:30,2
DA:35,1
DA:36,5
LF:10
LH:10
end_of_record
SF:lib\features\nurban_honey\domain\usecases\editor_repository\post_nurban_article.dart
DA:12,1
DA:15,1
DA:16,3
DA:17,1
DA:18,1
DA:19,1
DA:20,1
DA:21,1
DA:22,1
DA:23,1
DA:35,2
DA:43,1
DA:45,8
LF:13
LH:13
end_of_record
SF:lib\features\nurban_honey\domain\usecases\editor_repository\put_article.dart
DA:12,1
DA:15,1
DA:16,3
DA:17,1
DA:18,1
DA:19,1
DA:20,1
DA:21,1
DA:22,1
DA:33,2
DA:40,1
DA:42,7
LF:12
LH:12
end_of_record
SF:lib\features\nurban_honey\domain\usecases\editor_repository\put_nurban_article.dart
DA:12,1
DA:15,1
DA:16,3
DA:17,1
DA:18,1
DA:19,1
DA:20,1
DA:21,1
DA:22,1
DA:23,1
DA:35,2
DA:43,1
DA:45,8
LF:13
LH:13
end_of_record
SF:lib\features\nurban_honey\domain\usecases\login_repository\get_nurban_token.dart
DA:10,1
DA:12,1
DA:13,3
DA:14,1
DA:15,1
DA:22,2
DA:24,1
DA:25,3
LF:8
LH:8
end_of_record
SF:lib\features\nurban_honey\domain\usecases\login_repository\is_app_updatable.dart
DA:10,1
DA:12,1
DA:13,4
DA:19,2
DA:20,1
DA:21,2
LF:6
LH:6
end_of_record
SF:lib\features\nurban_honey\domain\usecases\login_repository\is_token_valid.dart
DA:10,1
DA:12,1
DA:13,4
DA:19,2
DA:21,1
DA:22,2
LF:6
LH:6
end_of_record
SF:lib\features\nurban_honey\domain\usecases\profile_repository\edit_profile.dart
DA:12,1
DA:15,1
DA:16,3
DA:17,1
DA:18,1
DA:19,1
DA:20,1
DA:30,2
DA:35,1
DA:36,5
LF:10
LH:10
end_of_record
SF:lib\features\nurban_honey\domain\usecases\profile_repository\get_profile_articles.dart
DA:13,1
DA:16,1
DA:17,3
DA:18,3
DA:27,2
DA:29,1
DA:30,4
LF:7
LH:7
end_of_record
SF:lib\features\nurban_honey\domain\usecases\profile_repository\get_profile_comments.dart
DA:13,1
DA:16,1
DA:17,3
DA:18,3
DA:26,2
DA:28,1
DA:29,4
LF:7
LH:7
end_of_record
SF:lib\features\nurban_honey\domain\usecases\profile_repository\get_profile.dart
DA:12,1
DA:15,1
DA:16,4
DA:22,2
DA:23,1
DA:24,2
LF:6
LH:6
end_of_record
SF:lib\features\nurban_honey\domain\usecases\profile_repository\request_sign_out.dart
DA:12,1
DA:15,1
DA:16,3
DA:17,2
DA:24,2
DA:25,1
DA:26,3
LF:7
LH:7
end_of_record
SF:lib\features\nurban_honey\domain\usecases\rank_repository\get_ranks.dart
DA:12,1
DA:15,1
DA:16,3
LF:3
LH:3
end_of_record
SF:lib\features\nurban_honey\domain\usecases\rank_repository\get_simple_ranks.dart
DA:13,1
DA:16,1
DA:17,3
DA:18,2
DA:25,2
DA:26,1
DA:27,3
LF:7
LH:7
end_of_record
